0 info it worked if it ends with ok
1 verbose cli [ 'D:\\后端开发工具\\nodejs\\node.exe',
1 verbose cli   'D:\\后端开发工具\\nodejs\\node_modules\\npm\\bin\\npm-cli.js',
1 verbose cli   'run',
1 verbose cli   'build' ]
2 info using npm@2.15.5
3 info using node@v4.4.5
4 verbose run-script [ 'prebuild', 'build', 'postbuild' ]
5 info prebuild es6@1.0.0
6 info build es6@1.0.0
7 verbose unsafe-perm in lifecycle true
8 info es6@1.0.0 Failed to exec build script
9 verbose stack Error: es6@1.0.0 build: `webpack --watch --progress --color --config webpack.config.react.js`
9 verbose stack Exit status 1
9 verbose stack     at EventEmitter.<anonymous> (D:\后端开发工具\nodejs\node_modules\npm\lib\utils\lifecycle.js:217:16)
9 verbose stack     at emitTwo (events.js:87:13)
9 verbose stack     at EventEmitter.emit (events.js:172:7)
9 verbose stack     at ChildProcess.<anonymous> (D:\后端开发工具\nodejs\node_modules\npm\lib\utils\spawn.js:24:14)
9 verbose stack     at emitTwo (events.js:87:13)
9 verbose stack     at ChildProcess.emit (events.js:172:7)
9 verbose stack     at maybeClose (internal/child_process.js:827:16)
9 verbose stack     at Process.ChildProcess._handle.onexit (internal/child_process.js:211:5)
10 verbose pkgid es6@1.0.0
11 verbose cwd E:\reactLearn
12 error Windows_NT 10.0.14393
13 error argv "D:\\后端开发工具\\nodejs\\node.exe" "D:\\后端开发工具\\nodejs\\node_modules\\npm\\bin\\npm-cli.js" "run" "build"
14 error node v4.4.5
15 error npm  v2.15.5
16 error code ELIFECYCLE
17 error es6@1.0.0 build: `webpack --watch --progress --color --config webpack.config.react.js`
17 error Exit status 1
18 error Failed at the es6@1.0.0 build script 'webpack --watch --progress --color --config webpack.config.react.js'.
18 error This is most likely a problem with the es6 package,
18 error not with npm itself.
18 error Tell the author that this fails on your system:
18 error     webpack --watch --progress --color --config webpack.config.react.js
18 error You can get information on how to open an issue for this project with:
18 error     npm bugs es6
18 error Or if that isn't available, you can get their info via:
18 error
18 error     npm owner ls es6
18 error There is likely additional logging output above.
19 verbose exit [ 1, true ]
