Arguments: 
  D:\后端开发工具\nodejs\node.exe C:\Users\Administrator.I6KYHHJFESOYTWH\AppData\Roaming\npm\node_modules\yarn\bin\yarn.js -v

PATH: 
  C:\Users\Administrator.I6KYHHJFESOYTWH\bin;D:\前端开发工具\Git\mingw64\bin;D:\前端开发工具\Git\usr\local\bin;D:\前端开发工具\Git\usr\bin;D:\前端开发工具\Git\usr\bin;D:\前端开发工具\Git\mingw64\bin;D:\前端开发工具\Git\usr\bin;C:\Users\Administrator.I6KYHHJFESOYTWH\bin;C:\ProgramData\Oracle\Java\javapath;C:\WINDOWS\system32;C:\WINDOWS;C:\WINDOWS\System32\Wbem;C:\WINDOWS\System32\WindowsPowerShell\v1.0;D:\前端开发工具\Git\cmd;C:\Program Files\Microsoft\Web Platform Installer;D:\后端开发工具\mongoDB\bin;D:\java\androidsdk\platform-tools;D:\后端开发工具\nodejs;C:\Users\Administrator.I6KYHHJFESOYTWH\AppData\Local\Microsoft\WindowsApps;D:\前端开发工具\Microsoft VS Code\bin;C:\Users\Administrator.I6KYHHJFESOYTWH\AppData\Roaming\npm;D:\前端开发工具\Git\usr\bin\vendor_perl;D:\前端开发工具\Git\usr\bin\core_perl

Yarn version: 
  0.19.1

Node version: 
  6.9.5

Platform: 
  win32 x64

npm manifest: 
  {
    "name": "es6",
    "version": "1.0.0",
    "description": "",
    "main": "webpack.config.js",
    "scripts": {
      "start": "webpack-dev-server --devtool eval --progress --colors --hot --content-base dist --history-api-fallback",
      "open":"react-srciprs start"
    },
    "author": "",
    "license": "ISC",
    "devDependencies": {
      "autoprefixer": "^6.4.1",
      "autoprefixer-loader": "^3.2.0",
      "babel-core": "^6.14.0",
      "babel-eslint": "^6.1.2",
      "babel-loader": "^6.2.5",
      "babel-polyfill": "^6.22.0",
      "babel-preset-es2015": "^6.18.0",
      "babel-preset-react": "^6.11.1",
      "babel-preset-stage-3": "^6.17.0",
      "browser-sync": "^2.15.0",
      "browserify": "^13.1.1",
      "css-loader": "^0.25.0",
      "eslint": "^3.5.0",
      "extract-text-webpack-plugin": "^1.0.1",
      "file-loader": "^0.9.0",
      "gulp": "^3.9.1",
      "gulp-babel": "^6.1.2",
      "gulp-concat": "^2.6.1",
      "gulp-cssnano": "^2.1.2",
      "gulp-rename": "^1.2.2",
      "gulp-uglify": "^2.0.0",
      "html-webpack-plugin": "^2.22.0",
      "jsx-loader": "^0.13.2",
      "open-browser-webpack-plugin": "0.0.2",
      "postcss-loader": "^0.13.0",
      "precss": "^1.4.0",
      "react-scripts": "^0.8.5",
      "redux-devtools": "^3.3.1",
      "style-loader": "^0.13.1",
      "url-loader": "^0.5.7",
      "vinyl-source-stream": "^1.1.0",
      "webpack": "^1.13.2",
      "webpack-dev-server": "^1.15.1",
      "webpack-stream": "^3.2.0"
    },
    "dependencies": {
      "alloyfinger": "^0.1.3",
      "async-each-series": "^1.1.0",
      "babel-preset-es2016": "^6.16.0",
      "babel-preset-react": "^6.11.1",
      "babelify": "^7.3.0",
      "bounce.js": "^0.8.2",
      "connect-history-api-fallback": "^1.3.0",
      "exports-loader": "^0.6.3",
      "gulp": "^3.9.1",
      "jquery": "^3.1.0",
      "ks-unlimited-marquee": "^1.0.3",
      "material-ui": "^0.15.4",
      "react": "^15.3.1",
      "react-dom": "^15.3.1",
      "react-mobile-datepicker": "^3.0.1",
      "react-redux": "^4.4.5",
      "react-router": "^2.8.1",
      "react-tap-event-plugin": "^1.0.0",
      "redux": "^3.6.0",
      "remarkable": "^1.7.1",
      "script-loader": "^0.7.0",
      "touch": "^1.0.0",
      "weinre": "^2.0.0-pre-I0Z7U9OV",
      "zepto": "^1.2.0"
    }
  }

yarn manifest: 
  No manifest

Lockfile: 
  No lockfile

Trace: 
  Error: getaddrinfo ENOTFOUND registry.yarnpkg.com registry.yarnpkg.com:443
      at errnoException (dns.js:28:10)
      at GetAddrInfoReqWrap.onlookup [as oncomplete] (dns.js:76:26)
